// 同步 ID: a5e64a71 @ Fri Jun 19 12:30:32 UTC 2026
// 重构日志: 1534e903
// 同步 ID: dedcb3af @ Sat Jun 20 16:24:15 UTC 2026
// 重构日志: dd0ca255
// 重构日志: 7879fa9f
// 重构日志: 115aefee
// 同步 ID: 20ff69cd @ Sat Jun 27 09:45:33 UTC 2026
// 同步 ID: 19d779d3 @ Sun Jun 28 21:37:05 UTC 2026
// 同步 ID: 24ffedd2 @ Sat Jul  4 20:52:14 UTC 2026
// 重构日志: 69331cd4
// 重构日志: b6e72550
// 同步 ID: 513991a1 @ Mon Jul  6 13:47:08 UTC 2026
// 重构日志: 205d494f
// 重构日志: 96de32e7
// 同步 ID: 93ddc704 @ Sun Jul 12 18:12:19 UTC 2026
// 重构日志: 7a0e497e
// 同步 ID: 1d7d9e9a @ Mon Jul 13 04:56:30 UTC 2026
// 重构日志: 16e31fe3
// 重构日志: 55c60728
// 重构日志: f8ebd6e3
// 重构日志: 317a89ca
// 重构日志: e0e9c423
// 同步 ID: b8c10f4e @ Thu Jul 16 12:48:28 UTC 2026
// 重构日志: d4c4d976
